Starting ZIP processing... trumio-cortex-core.zip
zip.ts:64 Starting complete ZIP extraction of: trumio-cortex-core.zip (27513697 bytes)
zip.ts:118 Skipping large file: trumio-cortex-core/.git/objects/pack/pack-4d5e84ce4d4c68c3dcdaf68f49c25a0693180f62.pack (27326542 bytes)
(anonymous) @ zip.ts:118
forEach @ jszip.js?v=7c98553f:349
extractCompleteStructure @ zip.ts:102
await in extractCompleteStructure
processZipFile @ ingestion.service.ts:94
handleFileUpload @ HomePage.tsx:118
callCallback2 @ chunk-YZVM2MHU.js?v=5b2c6c96:3674
invokeGuardedCallbackDev @ chunk-YZVM2MHU.js?v=5b2c6c96:3699
invokeGuardedCallback @ chunk-YZVM2MHU.js?v=5b2c6c96:3733
invokeGuardedCallbackAndCatchFirstError @ chunk-YZVM2MHU.js?v=5b2c6c96:3736
executeDispatch @ chunk-YZVM2MHU.js?v=5b2c6c96:7014
processDispatchQueueItemsInOrder @ chunk-YZVM2MHU.js?v=5b2c6c96:7034
processDispatchQueue @ chunk-YZVM2MHU.js?v=5b2c6c96:7043
dispatchEventsForPlugins @ chunk-YZVM2MHU.js?v=5b2c6c96:7051
(anonymous) @ chunk-YZVM2MHU.js?v=5b2c6c96:7174
batchedUpdates$1 @ chunk-YZVM2MHU.js?v=5b2c6c96:18913
batchedUpdates @ chunk-YZVM2MHU.js?v=5b2c6c96:3579
dispatchEventForPluginEventSystem @ chunk-YZVM2MHU.js?v=5b2c6c96:7173
dispatchEventWithEnableCapturePhaseSelectiveHydrationWithoutDiscreteEventReplay @ chunk-YZVM2MHU.js?v=5b2c6c96:5478
dispatchEvent @ chunk-YZVM2MHU.js?v=5b2c6c96:5472
dispatchDiscreteEvent @ chunk-YZVM2MHU.js?v=5b2c6c96:5449Understand this warning
zip.ts:146 ZIP: Discovered 271 total paths, 109 files with content
zip.ts:147 ZIP: Total extracted size: 401503 bytes
workerUtils.ts:43 Ingestion worker initialized successfully
ingestion.worker.ts?worker_file&type=module:15 IngestionWorker: Starting processing with 271 files
pipeline.ts:19 ğŸš€ Starting 4-pass ingestion for project: trumio-cortex-core
pipeline.ts:20 ğŸ“ Pass 1: Analyzing project structure...
structure-processor.ts:71 StructureProcessor: Processing 271 complete paths
structure-processor.ts:75 StructureProcessor: Found 74 directories and 197 files
structure-processor.ts:79 StructureProcessor: Hiding 33 ignored directories from KG
structure-processor.ts:86 StructureProcessor: Hiding 82 files in ignored directories from KG
structure-processor.ts:227 StructureProcessor: Created 156 CONTAINS relationships
structure-processor.ts:92 StructureProcessor: Created 157 nodes total (115 items hidden)
pipeline.ts:26 ğŸ” Pass 2: Parsing code and extracting definitions...
parsing-processor.ts:40 ParsingProcessor: Processing 271 total paths
parsing-processor.ts:42 Memory status: 0MB used, 0 files cached
parsing-processor.ts:44 ParsingProcessor: After filtering: 32 files to parse
parsing-processor.ts:49 ParsingProcessor: Found 22 source files and 3 config files, processing in batches of 10
parser-loader.ts:65 Loading TypeScript parser from: /wasm/typescript/tree-sitter-typescript.wasm
parser-loader.ts:68 TypeScript parser loaded successfully
parsing-processor.ts:121 typescript parser loaded successfully.
parser-loader.ts:49 Loading JavaScript parser from: /wasm/javascript/tree-sitter-javascript.wasm
parser-loader.ts:52 JavaScript parser loaded successfully
parsing-processor.ts:121 javascript parser loaded successfully.
parser-loader.ts:33 Loading Python parser from: /wasm/python/tree-sitter-python.wasm
parser-loader.ts:36 Python parser loaded successfully
parsing-processor.ts:121 python parser loaded successfully.
parsing-processor.ts:131 No parser available for language: generic. Skipping file: trumio-cortex-core/docker-compose.yaml
parseFile @ parsing-processor.ts:203
(anonymous) @ parsing-processor.ts:112
await in (anonymous)
processAll @ shared-utils.ts:274
await in processAll
process @ parsing-processor.ts:122
await in process
run @ pipeline.ts:49
await in run
processRepository @ ingestion.worker.ts:68
callback @ comlink.js?v=4af0e45c:91Understand this warning
parsing-processor.ts:131 No parser available for language: generic. Skipping file: trumio-cortex-core/manifests/uat/deployment_cortex.yml
parseFile @ parsing-processor.ts:203
(anonymous) @ parsing-processor.ts:112
await in (anonymous)
processAll @ shared-utils.ts:274
await in processAll
process @ parsing-processor.ts:122
await in process
run @ pipeline.ts:49
await in run
processRepository @ ingestion.worker.ts:68
callback @ comlink.js?v=4af0e45c:91Understand this warning
parsing-processor.ts:131 No parser available for language: generic. Skipping file: trumio-cortex-core/manifests/uat/service_cortex.yml
parseFile @ parsing-processor.ts:203
(anonymous) @ parsing-processor.ts:112
await in (anonymous)
processAll @ shared-utils.ts:274
await in processAll
process @ parsing-processor.ts:122
await in process
run @ pipeline.ts:49
await in run
processRepository @ ingestion.worker.ts:68
callback @ comlink.js?v=4af0e45c:91Understand this warning
parsing-processor.ts:72 ParsingProcessor: Successfully processed 25 files
pipeline.ts:36 ğŸ”— Pass 3: Resolving imports and building dependency map...
import-processor.ts:42 ImportProcessor: Starting import resolution...
import-processor.ts:52 ImportProcessor: Completed import resolution
import-processor.ts:53 ImportProcessor: Found 160 imports, resolved 90 (56.3%)
import-processor.ts:54 ImportProcessor: Built import map for 22 files
pipeline.ts:38 ğŸ“ Pass 4: Resolving function calls with 3-stage strategy...
call-processor.ts:33 CallProcessor: Starting call resolution with 3-stage strategy...
call-processor.ts:553 ğŸ” Filtered out: load_dotenv in check_prompt.py
2call-processor.ts:553 ğŸ” Filtered out: getenv in check_prompt.py
call-processor.ts:553 ğŸ” Filtered out: print in check_prompt.py
call-processor.ts:553 ğŸ” Filtered out: AsyncIOMotorClient in check_prompt.py
call-processor.ts:553 ğŸ” Filtered out: limit in check_prompt.py
call-processor.ts:553 ğŸ” Filtered out: sort in check_prompt.py
call-processor.ts:553 ğŸ” Filtered out: find in check_prompt.py
call-processor.ts:553 ğŸ” Filtered out: to_list in check_prompt.py
call-processor.ts:553 ğŸ” Filtered out: print in check_prompt.py
call-processor.ts:553 ğŸ” Filtered out: print in check_prompt.py
call-processor.ts:553 ğŸ” Filtered out: close in check_prompt.py
call-processor.ts:553 ğŸ” Filtered out: run in check_prompt.py
call-processor.ts:65 CallProcessor: Found 1 function calls in trumio-cortex-core/check_prompt.py
2call-processor.ts:553 ğŸ” Filtered out: getenv in debug_channel_messages.py
call-processor.ts:553 ğŸ” Filtered out: AsyncIOMotorClient in debug_channel_messages.py
2call-processor.ts:553 ğŸ” Filtered out: print in debug_channel_messages.py
call-processor.ts:553 ğŸ” Filtered out: print in debug_channel_messages.py
call-processor.ts:553 ğŸ” Filtered out: find_one in debug_channel_messages.py
call-processor.ts:553 ğŸ” Filtered out: print in debug_channel_messages.py
call-processor.ts:553 ğŸ” Filtered out: get in debug_channel_messages.py
call-processor.ts:553 ğŸ” Filtered out: print in debug_channel_messages.py
call-processor.ts:553 ğŸ” Filtered out: get in debug_channel_messages.py
call-processor.ts:553 ğŸ” Filtered out: get in debug_channel_messages.py
call-processor.ts:553 ğŸ” Filtered out: print in debug_channel_messages.py
call-processor.ts:553 ğŸ” Filtered out: now in debug_channel_messages.py
call-processor.ts:65 CallProcessor: Found 5 function calls in trumio-cortex-core/debug_channel_messages.py
call-processor.ts:86 âŒ Failed to resolve call: count_documents in trumio-cortex-core/debug_channel_messages.py:24
call-processor.ts:86 âŒ Failed to resolve call: count_documents in trumio-cortex-core/debug_channel_messages.py:31
call-processor.ts:86 âŒ Failed to resolve call: timedelta in trumio-cortex-core/debug_channel_messages.py:49
call-processor.ts:86 âŒ Failed to resolve call: count_documents in trumio-cortex-core/debug_channel_messages.py:51
call-processor.ts:553 ğŸ” Filtered out: getLogger in mcp_auth_service.py
call-processor.ts:65 CallProcessor: Found 14 function calls in trumio-cortex-core/src/python/common_services/mcp_auth_service.py
call-processor.ts:86 âŒ Failed to resolve call: HTTPBaseModel in trumio-cortex-core/src/python/common_services/mcp_auth_service.py:32
call-processor.ts:86 âŒ Failed to resolve call: hexdigest in trumio-cortex-core/src/python/common_services/mcp_auth_service.py:99
call-processor.ts:86 âŒ Failed to resolve call: new in trumio-cortex-core/src/python/common_services/mcp_auth_service.py:99
call-processor.ts:86 âŒ Failed to resolve call: compare_digest in trumio-cortex-core/src/python/common_services/mcp_auth_service.py:130
call-processor.ts:86 âŒ Failed to resolve call: body in trumio-cortex-core/src/python/common_services/mcp_auth_service.py:227
call-processor.ts:553 ğŸ” Filtered out: getLogger in openai_service.py
call-processor.ts:553 ğŸ” Filtered out: getenv in openai_service.py
call-processor.ts:553 ğŸ” Filtered out: ValueError in openai_service.py
call-processor.ts:553 ğŸ” Filtered out: OpenAI in openai_service.py
call-processor.ts:65 CallProcessor: Found 12 function calls in trumio-cortex-core/src/python/common_services/openai_service.py
call-processor.ts:86 âŒ Failed to resolve call: retry in trumio-cortex-core/src/python/common_services/openai_service.py:30
call-processor.ts:86 âŒ Failed to resolve call: retry_if_exception_type in trumio-cortex-core/src/python/common_services/openai_service.py:31
call-processor.ts:86 âŒ Failed to resolve call: stop_after_attempt in trumio-cortex-core/src/python/common_services/openai_service.py:32
call-processor.ts:86 âŒ Failed to resolve call: wait_exponential in trumio-cortex-core/src/python/common_services/openai_service.py:33
call-processor.ts:86 âŒ Failed to resolve call: retry in trumio-cortex-core/src/python/common_services/openai_service.py:89
call-processor.ts:86 âŒ Failed to resolve call: retry_if_exception_type in trumio-cortex-core/src/python/common_services/openai_service.py:90
call-processor.ts:86 âŒ Failed to resolve call: stop_after_attempt in trumio-cortex-core/src/python/common_services/openai_service.py:91
call-processor.ts:86 âŒ Failed to resolve call: wait_exponential in trumio-cortex-core/src/python/common_services/openai_service.py:92
call-processor.ts:86 âŒ Failed to resolve call: retry in trumio-cortex-core/src/python/common_services/openai_service.py:122
call-processor.ts:86 âŒ Failed to resolve call: retry_if_exception_type in trumio-cortex-core/src/python/common_services/openai_service.py:123
call-processor.ts:86 âŒ Failed to resolve call: stop_after_attempt in trumio-cortex-core/src/python/common_services/openai_service.py:124
call-processor.ts:86 âŒ Failed to resolve call: wait_exponential in trumio-cortex-core/src/python/common_services/openai_service.py:125
call-processor.ts:553 ğŸ” Filtered out: getLogger in prompt_registry_service.py
call-processor.ts:553 ğŸ” Filtered out: isinstance in prompt_registry_service.py
call-processor.ts:553 ğŸ” Filtered out: TypeError in prompt_registry_service.py
2call-processor.ts:553 ğŸ” Filtered out: info in prompt_registry_service.py
call-processor.ts:553 ğŸ” Filtered out: find_one in prompt_registry_service.py
call-processor.ts:553 ğŸ” Filtered out: warning in prompt_registry_service.py
call-processor.ts:553 ğŸ” Filtered out: ValueError in prompt_registry_service.py
2call-processor.ts:553 ğŸ” Filtered out: now in prompt_registry_service.py
call-processor.ts:553 ğŸ” Filtered out: insert_one in prompt_registry_service.py
call-processor.ts:553 ğŸ” Filtered out: info in prompt_registry_service.py
call-processor.ts:553 ğŸ” Filtered out: str in prompt_registry_service.py
call-processor.ts:553 ğŸ” Filtered out: info in prompt_registry_service.py
call-processor.ts:553 ğŸ” Filtered out: find_one in prompt_registry_service.py
call-processor.ts:553 ğŸ” Filtered out: info in prompt_registry_service.py
call-processor.ts:553 ğŸ” Filtered out: limit in prompt_registry_service.py
call-processor.ts:553 ğŸ” Filtered out: sort in prompt_registry_service.py
call-processor.ts:553 ğŸ” Filtered out: find in prompt_registry_service.py
call-processor.ts:553 ğŸ” Filtered out: to_list in prompt_registry_service.py
call-processor.ts:553 ğŸ” Filtered out: info in prompt_registry_service.py
call-processor.ts:553 ğŸ” Filtered out: error in prompt_registry_service.py
call-processor.ts:553 ğŸ” Filtered out: ValueError in prompt_registry_service.py
call-processor.ts:553 ğŸ” Filtered out: now in prompt_registry_service.py
call-processor.ts:553 ğŸ” Filtered out: update_one in prompt_registry_service.py
call-processor.ts:553 ğŸ” Filtered out: ObjectId in prompt_registry_service.py
call-processor.ts:553 ğŸ” Filtered out: warning in prompt_registry_service.py
call-processor.ts:553 ğŸ” Filtered out: info in prompt_registry_service.py
call-processor.ts:553 ğŸ” Filtered out: info in prompt_registry_service.py
call-processor.ts:553 ğŸ” Filtered out: delete_one in prompt_registry_service.py
call-processor.ts:553 ğŸ” Filtered out: ObjectId in prompt_registry_service.py
call-processor.ts:553 ğŸ” Filtered out: warning in prompt_registry_service.py
call-processor.ts:553 ğŸ” Filtered out: info in prompt_registry_service.py
call-processor.ts:553 ğŸ” Filtered out: info in prompt_registry_service.py
call-processor.ts:553 ğŸ” Filtered out: find in prompt_registry_service.py
call-processor.ts:553 ğŸ” Filtered out: to_list in prompt_registry_service.py
call-processor.ts:553 ğŸ” Filtered out: limit in prompt_registry_service.py
call-processor.ts:52 âš ï¸ CallProcessor: No function calls found in source file: trumio-cortex-core/src/python/common_services/prompt_registry_service.py
call-processor.ts:58   ğŸ“Š Debug: prompt_registry_service.py has 37 call nodes, 7 definitions
call-processor.ts:553 ğŸ” Filtered out: append in chat.py
call-processor.ts:553 ğŸ” Filtered out: abspath in chat.py
call-processor.ts:553 ğŸ” Filtered out: join in chat.py
call-processor.ts:553 ğŸ” Filtered out: dirname in chat.py
call-processor.ts:553 ğŸ” Filtered out: HTTPException in chat.py
call-processor.ts:553 ğŸ” Filtered out: str in chat.py
call-processor.ts:65 CallProcessor: Found 7 function calls in trumio-cortex-core/src/python/demo_app/app/api/v1/endpoints/chat.py
call-processor.ts:86 âŒ Failed to resolve call: APIRouter in trumio-cortex-core/src/python/demo_app/app/api/v1/endpoints/chat.py:15
call-processor.ts:86 âŒ Failed to resolve call: post in trumio-cortex-core/src/python/demo_app/app/api/v1/endpoints/chat.py:28
call-processor.ts:86 âŒ Failed to resolve call: Depends in trumio-cortex-core/src/python/demo_app/app/api/v1/endpoints/chat.py:29
11call-processor.ts:553 ğŸ” Filtered out: Field in chat.py
call-processor.ts:52 âš ï¸ CallProcessor: No function calls found in source file: trumio-cortex-core/src/python/demo_app/app/schemas/chat.py
call-processor.ts:58   ğŸ“Š Debug: chat.py has 11 call nodes, 4 definitions
call-processor.ts:553 ğŸ” Filtered out: dirname in start-service.py
call-processor.ts:553 ğŸ” Filtered out: abspath in start-service.py
call-processor.ts:553 ğŸ” Filtered out: join in start-service.py
call-processor.ts:553 ğŸ” Filtered out: exists in start-service.py
call-processor.ts:553 ğŸ” Filtered out: load_dotenv in start-service.py
call-processor.ts:553 ğŸ” Filtered out: print in start-service.py
call-processor.ts:553 ğŸ” Filtered out: print in start-service.py
call-processor.ts:553 ğŸ” Filtered out: upper in start-service.py
call-processor.ts:553 ğŸ” Filtered out: getenv in start-service.py
call-processor.ts:553 ğŸ” Filtered out: basicConfig in start-service.py
call-processor.ts:553 ğŸ” Filtered out: StreamHandler in start-service.py
2call-processor.ts:553 ğŸ” Filtered out: getLogger in start-service.py
call-processor.ts:65 CallProcessor: Found 15 function calls in trumio-cortex-core/src/python/demo_app/start-service.py
call-processor.ts:86 âŒ Failed to resolve call: setLevel in trumio-cortex-core/src/python/demo_app/start-service.py:26
call-processor.ts:86 âŒ Failed to resolve call: setLevel in trumio-cortex-core/src/python/demo_app/start-service.py:27
call-processor.ts:86 âŒ Failed to resolve call: setLevel in trumio-cortex-core/src/python/demo_app/start-service.py:28
call-processor.ts:86 âŒ Failed to resolve call: exit in trumio-cortex-core/src/python/demo_app/start-service.py:37
call-processor.ts:86 âŒ Failed to resolve call: exit in trumio-cortex-core/src/python/demo_app/start-service.py:40
call-processor.ts:86 âŒ Failed to resolve call: setLevel in trumio-cortex-core/src/python/demo_app/start-service.py:43
call-processor.ts:86 âŒ Failed to resolve call: exit in trumio-cortex-core/src/python/demo_app/start-service.py:59
call-processor.ts:86 âŒ Failed to resolve call: exit in trumio-cortex-core/src/python/demo_app/start-service.py:62
call-processor.ts:86 âŒ Failed to resolve call: get_motor_client in trumio-cortex-core/src/python/demo_app/start-service.py:77
call-processor.ts:86 âŒ Failed to resolve call: compile_graphs in trumio-cortex-core/src/python/demo_app/start-service.py:87
call-processor.ts:86 âŒ Failed to resolve call: close_motor_client in trumio-cortex-core/src/python/demo_app/start-service.py:99
call-processor.ts:86 âŒ Failed to resolve call: exit in trumio-cortex-core/src/python/demo_app/start-service.py:132
call-processor.ts:86 âŒ Failed to resolve call: exit in trumio-cortex-core/src/python/demo_app/start-service.py:135
call-processor.ts:86 âŒ Failed to resolve call: RedirectResponse in trumio-cortex-core/src/python/demo_app/start-service.py:141
call-processor.ts:86 âŒ Failed to resolve call: get_swagger_ui_html in trumio-cortex-core/src/python/demo_app/start-service.py:145
call-processor.ts:553 ğŸ” Filtered out: append in interactions_endpoint.py
call-processor.ts:553 ğŸ” Filtered out: join in interactions_endpoint.py
call-processor.ts:553 ğŸ” Filtered out: dirname in interactions_endpoint.py
call-processor.ts:553 ğŸ” Filtered out: getLogger in interactions_endpoint.py
call-processor.ts:65 CallProcessor: Found 8 function calls in trumio-cortex-core/src/python/ms_teams_connector/app/api/v1/endpoints/interactions_endpoint.py
call-processor.ts:86 âŒ Failed to resolve call: APIRouter in trumio-cortex-core/src/python/ms_teams_connector/app/api/v1/endpoints/interactions_endpoint.py:14
call-processor.ts:86 âŒ Failed to resolve call: post in trumio-cortex-core/src/python/ms_teams_connector/app/api/v1/endpoints/interactions_endpoint.py:16
call-processor.ts:86 âŒ Failed to resolve call: Query in trumio-cortex-core/src/python/ms_teams_connector/app/api/v1/endpoints/interactions_endpoint.py:18
call-processor.ts:86 âŒ Failed to resolve call: Query in trumio-cortex-core/src/python/ms_teams_connector/app/api/v1/endpoints/interactions_endpoint.py:19
call-processor.ts:86 âŒ Failed to resolve call: Query in trumio-cortex-core/src/python/ms_teams_connector/app/api/v1/endpoints/interactions_endpoint.py:20
call-processor.ts:86 âŒ Failed to resolve call: Depends in trumio-cortex-core/src/python/ms_teams_connector/app/api/v1/endpoints/interactions_endpoint.py:21
call-processor.ts:86 âŒ Failed to resolve call: Depends in trumio-cortex-core/src/python/ms_teams_connector/app/api/v1/endpoints/interactions_endpoint.py:22
call-processor.ts:86 âŒ Failed to resolve call: fetch_and_process_project_chats_for_period in trumio-cortex-core/src/python/ms_teams_connector/app/api/v1/endpoints/interactions_endpoint.py:32
call-processor.ts:553 ğŸ” Filtered out: append in mcp_auth.py
call-processor.ts:553 ğŸ” Filtered out: join in mcp_auth.py
call-processor.ts:553 ğŸ” Filtered out: dirname in mcp_auth.py
call-processor.ts:553 ğŸ” Filtered out: getLogger in mcp_auth.py
call-processor.ts:553 ğŸ” Filtered out: get in mcp_auth.py
call-processor.ts:65 CallProcessor: Found 8 function calls in trumio-cortex-core/src/python/ms_teams_connector/app/api/v1/endpoints/mcp_auth.py
call-processor.ts:86 âŒ Failed to resolve call: APIRouter in trumio-cortex-core/src/python/ms_teams_connector/app/api/v1/endpoints/mcp_auth.py:14
call-processor.ts:86 âŒ Failed to resolve call: Depends in trumio-cortex-core/src/python/ms_teams_connector/app/api/v1/endpoints/mcp_auth.py:69
call-processor.ts:553 ğŸ” Filtered out: getLogger in config.py
9call-processor.ts:553 ğŸ” Filtered out: getenv in config.py
call-processor.ts:553 ğŸ” Filtered out: int in config.py
call-processor.ts:553 ğŸ” Filtered out: getenv in config.py
call-processor.ts:553 ğŸ” Filtered out: lower in config.py
call-processor.ts:553 ğŸ” Filtered out: getenv in config.py
3call-processor.ts:553 ğŸ” Filtered out: bool in config.py
call-processor.ts:553 ğŸ” Filtered out: info in config.py
call-processor.ts:553 ğŸ” Filtered out: warning in config.py
call-processor.ts:52 âš ï¸ CallProcessor: No function calls found in source file: trumio-cortex-core/src/python/ms_teams_connector/app/config.py
call-processor.ts:58   ğŸ“Š Debug: config.py has 19 call nodes, 0 definitions
10call-processor.ts:553 ğŸ” Filtered out: Field in processed_text_unit.py
call-processor.ts:52 âš ï¸ CallProcessor: No function calls found in source file: trumio-cortex-core/src/python/ms_teams_connector/app/schemas/processed_text_unit.py
call-processor.ts:58   ğŸ“Š Debug: processed_text_unit.py has 10 call nodes, 1 definitions
2call-processor.ts:553 ğŸ” Filtered out: Field in watermark.py
call-processor.ts:553 ğŸ” Filtered out: now in watermark.py
call-processor.ts:52 âš ï¸ CallProcessor: No function calls found in source file: trumio-cortex-core/src/python/ms_teams_connector/app/schemas/watermark.py
call-processor.ts:58   ğŸ“Š Debug: watermark.py has 3 call nodes, 2 definitions
call-processor.ts:553 ğŸ” Filtered out: getLogger in path_utils.py
call-processor.ts:553 ğŸ” Filtered out: abspath in path_utils.py
call-processor.ts:553 ğŸ” Filtered out: dirname in path_utils.py
call-processor.ts:553 ğŸ” Filtered out: dirname in path_utils.py
call-processor.ts:553 ğŸ” Filtered out: dirname in path_utils.py
call-processor.ts:553 ğŸ” Filtered out: abspath in path_utils.py
call-processor.ts:553 ğŸ” Filtered out: join in path_utils.py
call-processor.ts:553 ğŸ” Filtered out: append in path_utils.py
call-processor.ts:553 ğŸ” Filtered out: info in path_utils.py
call-processor.ts:52 âš ï¸ CallProcessor: No function calls found in source file: trumio-cortex-core/src/python/ms_teams_connector/app/utils/path_utils.py
call-processor.ts:58   ğŸ“Š Debug: path_utils.py has 9 call nodes, 1 definitions
2call-processor.ts:553 ğŸ” Filtered out: getenv in debug_channel_messages.py
call-processor.ts:553 ğŸ” Filtered out: AsyncIOMotorClient in debug_channel_messages.py
3call-processor.ts:553 ğŸ” Filtered out: print in debug_channel_messages.py
call-processor.ts:553 ğŸ” Filtered out: aggregate in debug_channel_messages.py
call-processor.ts:553 ğŸ” Filtered out: to_list in debug_channel_messages.py
call-processor.ts:553 ğŸ” Filtered out: print in debug_channel_messages.py
call-processor.ts:553 ğŸ” Filtered out: print in debug_channel_messages.py
call-processor.ts:553 ğŸ” Filtered out: print in debug_channel_messages.py
call-processor.ts:553 ğŸ” Filtered out: aggregate in debug_channel_messages.py
call-processor.ts:553 ğŸ” Filtered out: to_list in debug_channel_messages.py
call-processor.ts:553 ğŸ” Filtered out: print in debug_channel_messages.py
call-processor.ts:553 ğŸ” Filtered out: print in debug_channel_messages.py
call-processor.ts:553 ğŸ” Filtered out: print in debug_channel_messages.py
call-processor.ts:553 ğŸ” Filtered out: print in debug_channel_messages.py
call-processor.ts:65 CallProcessor: Found 6 function calls in trumio-cortex-core/src/python/ms_teams_connector/debug_channel_messages.py
call-processor.ts:86 âŒ Failed to resolve call: count_documents in trumio-cortex-core/src/python/ms_teams_connector/debug_channel_messages.py:24
call-processor.ts:86 âŒ Failed to resolve call: count_documents in trumio-cortex-core/src/python/ms_teams_connector/debug_channel_messages.py:54
call-processor.ts:86 âŒ Failed to resolve call: count_documents in trumio-cortex-core/src/python/ms_teams_connector/debug_channel_messages.py:61
call-processor.ts:86 âŒ Failed to resolve call: timedelta in trumio-cortex-core/src/python/ms_teams_connector/debug_channel_messages.py:77
call-processor.ts:86 âŒ Failed to resolve call: count_documents in trumio-cortex-core/src/python/ms_teams_connector/debug_channel_messages.py:79
call-processor.ts:553 ğŸ” Filtered out: dirname in start-service.py
call-processor.ts:553 ğŸ” Filtered out: abspath in start-service.py
call-processor.ts:553 ğŸ” Filtered out: join in start-service.py
call-processor.ts:553 ğŸ” Filtered out: exists in start-service.py
call-processor.ts:553 ğŸ” Filtered out: load_dotenv in start-service.py
call-processor.ts:553 ğŸ” Filtered out: print in start-service.py
call-processor.ts:553 ğŸ” Filtered out: print in start-service.py
call-processor.ts:553 ğŸ” Filtered out: upper in start-service.py
call-processor.ts:553 ğŸ” Filtered out: getenv in start-service.py
call-processor.ts:553 ğŸ” Filtered out: basicConfig in start-service.py
call-processor.ts:553 ğŸ” Filtered out: StreamHandler in start-service.py
call-processor.ts:553 ğŸ” Filtered out: getLogger in start-service.py
call-processor.ts:553 ğŸ” Filtered out: info in start-service.py
call-processor.ts:553 ğŸ” Filtered out: info in start-service.py
call-processor.ts:65 CallProcessor: Found 5 function calls in trumio-cortex-core/src/python/ms_teams_connector/start-service.py
call-processor.ts:86 âŒ Failed to resolve call: connect_db_client in trumio-cortex-core/src/python/ms_teams_connector/start-service.py:44
call-processor.ts:86 âŒ Failed to resolve call: disconnect_db_client in trumio-cortex-core/src/python/ms_teams_connector/start-service.py:50
call-processor.ts:86 âŒ Failed to resolve call: is_motor_client_open in trumio-cortex-core/src/python/ms_teams_connector/start-service.py:79
call-processor.ts:553 ğŸ” Filtered out: append in mcp_auth.py
call-processor.ts:553 ğŸ” Filtered out: join in mcp_auth.py
call-processor.ts:553 ğŸ” Filtered out: dirname in mcp_auth.py
call-processor.ts:553 ğŸ” Filtered out: getLogger in mcp_auth.py
call-processor.ts:553 ğŸ” Filtered out: get in mcp_auth.py
call-processor.ts:65 CallProcessor: Found 8 function calls in trumio-cortex-core/src/python/pr_quality_service/app/api/v1/endpoints/mcp_auth.py
call-processor.ts:86 âŒ Failed to resolve call: APIRouter in trumio-cortex-core/src/python/pr_quality_service/app/api/v1/endpoints/mcp_auth.py:14
call-processor.ts:86 âŒ Failed to resolve call: Depends in trumio-cortex-core/src/python/pr_quality_service/app/api/v1/endpoints/mcp_auth.py:69
call-processor.ts:553 ğŸ” Filtered out: append in quality_analyzer.py
call-processor.ts:553 ğŸ” Filtered out: join in quality_analyzer.py
call-processor.ts:553 ğŸ” Filtered out: dirname in quality_analyzer.py
call-processor.ts:553 ğŸ” Filtered out: critical in quality_analyzer.py
call-processor.ts:553 ğŸ” Filtered out: getLogger in quality_analyzer.py
call-processor.ts:553 ğŸ” Filtered out: error in quality_analyzer.py
call-processor.ts:553 ğŸ” Filtered out: HTTPException in quality_analyzer.py
call-processor.ts:553 ğŸ” Filtered out: warning in quality_analyzer.py
call-processor.ts:65 CallProcessor: Found 23 function calls in trumio-cortex-core/src/python/pr_quality_service/app/api/v1/endpoints/quality_analyzer.py
call-processor.ts:86 âŒ Failed to resolve call: APIRouter in trumio-cortex-core/src/python/pr_quality_service/app/api/v1/endpoints/quality_analyzer.py:36
call-processor.ts:86 âŒ Failed to resolve call: Depends in trumio-cortex-core/src/python/pr_quality_service/app/api/v1/endpoints/quality_analyzer.py:38
call-processor.ts:86 âŒ Failed to resolve call: compile_graphs in trumio-cortex-core/src/python/pr_quality_service/app/api/v1/endpoints/quality_analyzer.py:46
call-processor.ts:86 âŒ Failed to resolve call: Depends in trumio-cortex-core/src/python/pr_quality_service/app/api/v1/endpoints/quality_analyzer.py:74
call-processor.ts:86 âŒ Failed to resolve call: is_motor_client_open in trumio-cortex-core/src/python/pr_quality_service/app/api/v1/endpoints/quality_analyzer.py:80
call-processor.ts:86 âŒ Failed to resolve call: calculate_date_range in trumio-cortex-core/src/python/pr_quality_service/app/api/v1/endpoints/quality_analyzer.py:100
call-processor.ts:86 âŒ Failed to resolve call: invoke_weekly_user_fetch_graph in trumio-cortex-core/src/python/pr_quality_service/app/api/v1/endpoints/quality_analyzer.py:104
call-processor.ts:86 âŒ Failed to resolve call: run_full_weekly_analysis in trumio-cortex-core/src/python/pr_quality_service/app/api/v1/endpoints/quality_analyzer.py:126
call-processor.ts:86 âŒ Failed to resolve call: post in trumio-cortex-core/src/python/pr_quality_service/app/api/v1/endpoints/quality_analyzer.py:148
call-processor.ts:86 âŒ Failed to resolve call: Query in trumio-cortex-core/src/python/pr_quality_service/app/api/v1/endpoints/quality_analyzer.py:157
call-processor.ts:86 âŒ Failed to resolve call: Query in trumio-cortex-core/src/python/pr_quality_service/app/api/v1/endpoints/quality_analyzer.py:158
call-processor.ts:86 âŒ Failed to resolve call: Depends in trumio-cortex-core/src/python/pr_quality_service/app/api/v1/endpoints/quality_analyzer.py:159
call-processor.ts:86 âŒ Failed to resolve call: Depends in trumio-cortex-core/src/python/pr_quality_service/app/api/v1/endpoints/quality_analyzer.py:160
call-processor.ts:86 âŒ Failed to resolve call: add_task in trumio-cortex-core/src/python/pr_quality_service/app/api/v1/endpoints/quality_analyzer.py:179
call-processor.ts:86 âŒ Failed to resolve call: add_task in trumio-cortex-core/src/python/pr_quality_service/app/api/v1/endpoints/quality_analyzer.py:187
call-processor.ts:86 âŒ Failed to resolve call: post in trumio-cortex-core/src/python/pr_quality_service/app/api/v1/endpoints/quality_analyzer.py:197
call-processor.ts:86 âŒ Failed to resolve call: Depends in trumio-cortex-core/src/python/pr_quality_service/app/api/v1/endpoints/quality_analyzer.py:205
call-processor.ts:86 âŒ Failed to resolve call: Depends in trumio-cortex-core/src/python/pr_quality_service/app/api/v1/endpoints/quality_analyzer.py:206
call-processor.ts:86 âŒ Failed to resolve call: add_task in trumio-cortex-core/src/python/pr_quality_service/app/api/v1/endpoints/quality_analyzer.py:214
call-processor.ts:86 âŒ Failed to resolve call: post in trumio-cortex-core/src/python/pr_quality_service/app/api/v1/endpoints/quality_analyzer.py:220
call-processor.ts:86 âŒ Failed to resolve call: Depends in trumio-cortex-core/src/python/pr_quality_service/app/api/v1/endpoints/quality_analyzer.py:228
call-processor.ts:86 âŒ Failed to resolve call: Depends in trumio-cortex-core/src/python/pr_quality_service/app/api/v1/endpoints/quality_analyzer.py:229
call-processor.ts:86 âŒ Failed to resolve call: add_task in trumio-cortex-core/src/python/pr_quality_service/app/api/v1/endpoints/quality_analyzer.py:237
call-processor.ts:553 ğŸ” Filtered out: getLogger in config.py
call-processor.ts:553 ğŸ” Filtered out: int in config.py
call-processor.ts:553 ğŸ” Filtered out: getenv in config.py
call-processor.ts:553 ğŸ” Filtered out: upper in config.py
call-processor.ts:553 ğŸ” Filtered out: getenv in config.py
10call-processor.ts:553 ğŸ” Filtered out: getenv in config.py
call-processor.ts:553 ğŸ” Filtered out: strip in config.py
call-processor.ts:553 ğŸ” Filtered out: getenv in config.py
2call-processor.ts:553 ğŸ” Filtered out: getenv in config.py
call-processor.ts:553 ğŸ” Filtered out: int in config.py
call-processor.ts:553 ğŸ” Filtered out: getenv in config.py
5call-processor.ts:553 ğŸ” Filtered out: getenv in config.py
call-processor.ts:553 ğŸ” Filtered out: int in config.py
call-processor.ts:553 ğŸ” Filtered out: getenv in config.py
call-processor.ts:553 ğŸ” Filtered out: lower in config.py
call-processor.ts:553 ğŸ” Filtered out: getenv in config.py
6call-processor.ts:553 ğŸ” Filtered out: bool in config.py
call-processor.ts:553 ğŸ” Filtered out: info in config.py
call-processor.ts:553 ğŸ” Filtered out: warning in config.py
call-processor.ts:52 âš ï¸ CallProcessor: No function calls found in source file: trumio-cortex-core/src/python/pr_quality_service/app/config.py
call-processor.ts:58   ğŸ“Š Debug: config.py has 38 call nodes, 0 definitions
call-processor.ts:553 ğŸ” Filtered out: getLogger in path_utils.py
call-processor.ts:553 ğŸ” Filtered out: abspath in path_utils.py
call-processor.ts:553 ğŸ” Filtered out: dirname in path_utils.py
call-processor.ts:553 ğŸ” Filtered out: dirname in path_utils.py
call-processor.ts:553 ğŸ” Filtered out: dirname in path_utils.py
call-processor.ts:553 ğŸ” Filtered out: abspath in path_utils.py
call-processor.ts:553 ğŸ” Filtered out: join in path_utils.py
call-processor.ts:553 ğŸ” Filtered out: append in path_utils.py
call-processor.ts:553 ğŸ” Filtered out: info in path_utils.py
call-processor.ts:52 âš ï¸ CallProcessor: No function calls found in source file: trumio-cortex-core/src/python/pr_quality_service/app/utils/path_utils.py
call-processor.ts:58   ğŸ“Š Debug: path_utils.py has 9 call nodes, 1 definitions
call-processor.ts:553 ğŸ” Filtered out: dirname in start-service.py
call-processor.ts:553 ğŸ” Filtered out: abspath in start-service.py
call-processor.ts:553 ğŸ” Filtered out: join in start-service.py
call-processor.ts:553 ğŸ” Filtered out: exists in start-service.py
call-processor.ts:553 ğŸ” Filtered out: load_dotenv in start-service.py
call-processor.ts:553 ğŸ” Filtered out: print in start-service.py
call-processor.ts:553 ğŸ” Filtered out: print in start-service.py
call-processor.ts:553 ğŸ” Filtered out: upper in start-service.py
call-processor.ts:553 ğŸ” Filtered out: getenv in start-service.py
call-processor.ts:553 ğŸ” Filtered out: basicConfig in start-service.py
call-processor.ts:553 ğŸ” Filtered out: StreamHandler in start-service.py
call-processor.ts:553 ğŸ” Filtered out: getLogger in start-service.py
call-processor.ts:553 ğŸ” Filtered out: info in start-service.py
call-processor.ts:553 ğŸ” Filtered out: info in start-service.py
call-processor.ts:65 CallProcessor: Found 6 function calls in trumio-cortex-core/src/python/pr_quality_service/start-service.py
call-processor.ts:86 âŒ Failed to resolve call: connect_db_client in trumio-cortex-core/src/python/pr_quality_service/start-service.py:45
call-processor.ts:86 âŒ Failed to resolve call: disconnect_db_client in trumio-cortex-core/src/python/pr_quality_service/start-service.py:54
call-processor.ts:86 âŒ Failed to resolve call: is_motor_client_open in trumio-cortex-core/src/python/pr_quality_service/start-service.py:97
call-processor.ts:86 âŒ Failed to resolve call: get_database in trumio-cortex-core/src/python/pr_quality_service/start-service.py:104
call-processor.ts:553 ğŸ” Filtered out: dirname in prompt_test.py
call-processor.ts:553 ğŸ” Filtered out: dirname in prompt_test.py
call-processor.ts:553 ğŸ” Filtered out: abspath in prompt_test.py
call-processor.ts:553 ğŸ” Filtered out: join in prompt_test.py
call-processor.ts:553 ğŸ” Filtered out: exists in prompt_test.py
call-processor.ts:553 ğŸ” Filtered out: load_dotenv in prompt_test.py
call-processor.ts:553 ğŸ” Filtered out: append in prompt_test.py
6call-processor.ts:553 ğŸ” Filtered out: print in prompt_test.py
call-processor.ts:553 ğŸ” Filtered out: print in prompt_test.py
call-processor.ts:553 ğŸ” Filtered out: run in prompt_test.py
call-processor.ts:65 CallProcessor: Found 3 function calls in trumio-cortex-core/src/python/pr_quality_service/test/prompt_test.py
call-processor.ts:86 âŒ Failed to resolve call: get_weekly_prompts in trumio-cortex-core/src/python/pr_quality_service/test/prompt_test.py:31
call-processor.ts:723 ğŸ“Š CallProcessor Resolution Statistics:
call-processor.ts:724   Total calls processed: 121
call-processor.ts:725   âœ… Exact matches (Stage 1): 11 (9.1%)
call-processor.ts:726   âœ… Same-file matches (Stage 2): 19 (15.7%)
call-processor.ts:727   ğŸ¯ Heuristic matches (Stage 3): 4 (3.3%)
call-processor.ts:728   âŒ Failed resolutions: 87 (71.9%)
call-processor.ts:729   Success rate: 28.1%
pipeline.ts:41 Ingestion complete. Graph contains 417 nodes and 446 relationships.
pipeline.ts:50 ğŸ“Š Graph Statistics:
pipeline.ts:51 Nodes by type: {Project: 1, Folder: 41, File: 140, Import: 160, Function: 52,Â â€¦}
pipeline.ts:52 Relationships by type: {CONTAINS: 156, DEFINES: 235, IMPORTS: 23, CALLS: 32}
pipeline.ts:60 âš ï¸ Found 3 isolated nodes:
run @ pipeline.ts:60
await in run
processRepository @ :5173/src/workers/ingestion.worker.ts?worker_file&type=module:34
callback @ comlink.js?v=4af0e45c:91Understand this warning
pipeline.ts:65 Isolated nodes by type: {File: 3}
run @ pipeline.ts:65
await in run
processRepository @ :5173/src/workers/ingestion.worker.ts?worker_file&type=module:34
callback @ comlink.js?v=4af0e45c:91Understand this warning
pipeline.ts:66 Sample isolated nodes: (3)Â [{â€¦}, {â€¦}, {â€¦}]
run @ pipeline.ts:66
await in run
processRepository @ :5173/src/workers/ingestion.worker.ts?worker_file&type=module:34
callback @ comlink.js?v=4af0e45c:91Understand this warning
pipeline.ts:82 âš ï¸ Found 140 files without definitions:
run @ pipeline.ts:82
await in run
processRepository @ :5173/src/workers/ingestion.worker.ts?worker_file&type=module:34
callback @ comlink.js?v=4af0e45c:91Understand this warning
pipeline.ts:83 Files without content: (5)Â ['trumio-cortex-core/', 'trumio-cortex-core/.github/', 'trumio-cortex-core/.github/workflows/', 'trumio-cortex-core/.github/workflows/cortex-ci-cd.yml', 'trumio-cortex-core/.github/workflows/readme.md']
run @ pipeline.ts:83
await in run
processRepository @ :5173/src/workers/ingestion.worker.ts?worker_file&type=module:34
callback @ comlink.js?v=4af0e45c:91Understand this warning
pipeline.ts:94 ğŸ” Validating graph integrity...
pipeline.ts:130 Source files without definitions: (3)Â ['trumio-cortex-core/check_prompt.py', 'trumio-cortex-core/debug_channel_messages.py', 'trumio-cortex-core/src/python/common_services/mcp_auth_service.py']
validateGraphIntegrity @ pipeline.ts:130
run @ pipeline.ts:87
await in run
processRepository @ :5173/src/workers/ingestion.worker.ts?worker_file&type=module:34
callback @ comlink.js?v=4af0e45c:91Understand this warning
pipeline.ts:158 âš ï¸ Graph integrity issues found:
validateGraphIntegrity @ pipeline.ts:158
run @ pipeline.ts:87
await in run
processRepository @ :5173/src/workers/ingestion.worker.ts?worker_file&type=module:34
callback @ comlink.js?v=4af0e45c:91Understand this warning
pipeline.ts:159   1. 25 files not connected to project structure
(anonymous) @ pipeline.ts:159
validateGraphIntegrity @ pipeline.ts:159
run @ pipeline.ts:87
await in run
processRepository @ :5173/src/workers/ingestion.worker.ts?worker_file&type=module:34
callback @ comlink.js?v=4af0e45c:91Understand this warning
pipeline.ts:159   2. 59 source files contain no parsed definitions
(anonymous) @ pipeline.ts:159
validateGraphIntegrity @ pipeline.ts:159
run @ pipeline.ts:87
await in run
processRepository @ :5173/src/workers/ingestion.worker.ts?worker_file&type=module:34
callback @ comlink.js?v=4af0e45c:91Understand this warning
pipeline.ts:159   3. 66 definitions not connected to files
(anonymous) @ pipeline.ts:159
validateGraphIntegrity @ pipeline.ts:159
run @ pipeline.ts:87
await in run
processRepository @ :5173/src/workers/ingestion.worker.ts?worker_file&type=module:34
callback @ comlink.js?v=4af0e45c:91Understand this warning
:5173/src/workers/ingestion.worker.ts?worker_file&type=module:40 IngestionWorker: Processing completed successfully
:5173/src/workers/ingestion.worker.ts?worker_file&type=module:41 Graph contains 417 nodes and 446 relationships
HomePage.tsx:123 ZIP processing completed: {nodeCount: 417, relationshipCount: 446, fileCount: 109}
:5173/src/workers/ingestion.worker.ts?worker_file&type=module:150 Ingestion worker terminated
workerUtils.ts:127 Ingestion worker terminate